{"/Users/natalie/Learning code/Subscription Manager/subscription-manager_natalia/src/main.js": {"path":"/Users/natalie/Learning code/Subscription Manager/subscription-manager_natalia/src/main.js","statementMap":{"0":{"start":{"line":10,"column":0},"end":{"line":10,"column":15}},"1":{"start":{"line":12,"column":0},"end":{"line":12,"column":32}},"2":{"start":{"line":14,"column":0},"end":{"line":18,"column":17}},"3":{"start":{"line":17,"column":15},"end":{"line":17,"column":21}}},"fnMap":{"0":{"name":"(anonymous_0)","decl":{"start":{"line":17,"column":10},"end":{"line":17,"column":11}},"loc":{"start":{"line":17,"column":15},"end":{"line":17,"column":21}},"line":17}},"branchMap":{},"s":{"0":0,"1":0,"2":0,"3":0},"f":{"0":0},"b":{}}
,"/Users/natalie/Learning code/Subscription Manager/subscription-manager_natalia/src/registerServiceWorker.js": {"path":"/Users/natalie/Learning code/Subscription Manager/subscription-manager_natalia/src/registerServiceWorker.js","statementMap":{"0":{"start":{"line":5,"column":0},"end":{"line":32,"column":1}},"1":{"start":{"line":6,"column":2},"end":{"line":31,"column":4}},"2":{"start":{"line":8,"column":6},"end":{"line":11,"column":7}},"3":{"start":{"line":14,"column":6},"end":{"line":14,"column":56}},"4":{"start":{"line":17,"column":6},"end":{"line":17,"column":61}},"5":{"start":{"line":20,"column":6},"end":{"line":20,"column":48}},"6":{"start":{"line":23,"column":6},"end":{"line":23,"column":62}},"7":{"start":{"line":26,"column":6},"end":{"line":26,"column":82}},"8":{"start":{"line":29,"column":6},"end":{"line":29,"column":71}}},"fnMap":{"0":{"name":"(anonymous_0)","decl":{"start":{"line":7,"column":4},"end":{"line":7,"column":5}},"loc":{"start":{"line":7,"column":12},"end":{"line":12,"column":5}},"line":7},"1":{"name":"(anonymous_1)","decl":{"start":{"line":13,"column":4},"end":{"line":13,"column":5}},"loc":{"start":{"line":13,"column":17},"end":{"line":15,"column":5}},"line":13},"2":{"name":"(anonymous_2)","decl":{"start":{"line":16,"column":4},"end":{"line":16,"column":5}},"loc":{"start":{"line":16,"column":13},"end":{"line":18,"column":5}},"line":16},"3":{"name":"(anonymous_3)","decl":{"start":{"line":19,"column":4},"end":{"line":19,"column":5}},"loc":{"start":{"line":19,"column":18},"end":{"line":21,"column":5}},"line":19},"4":{"name":"(anonymous_4)","decl":{"start":{"line":22,"column":4},"end":{"line":22,"column":5}},"loc":{"start":{"line":22,"column":14},"end":{"line":24,"column":5}},"line":22},"5":{"name":"(anonymous_5)","decl":{"start":{"line":25,"column":4},"end":{"line":25,"column":5}},"loc":{"start":{"line":25,"column":14},"end":{"line":27,"column":5}},"line":25},"6":{"name":"(anonymous_6)","decl":{"start":{"line":28,"column":4},"end":{"line":28,"column":5}},"loc":{"start":{"line":28,"column":17},"end":{"line":30,"column":5}},"line":28}},"branchMap":{"0":{"loc":{"start":{"line":5,"column":0},"end":{"line":32,"column":1}},"type":"if","locations":[{"start":{"line":5,"column":0},"end":{"line":32,"column":1}},{"start":{"line":5,"column":0},"end":{"line":32,"column":1}}],"line":5}},"s":{"0":0,"1":0,"2":0,"3":0,"4":0,"5":0,"6":0,"7":0,"8":0},"f":{"0":0,"1":0,"2":0,"3":0,"4":0,"5":0,"6":0},"b":{"0":[0,0]}}
,"/Users/natalie/Learning code/Subscription Manager/subscription-manager_natalia/src/components/ui/index.js": {"path":"/Users/natalie/Learning code/Subscription Manager/subscription-manager_natalia/src/components/ui/index.js","statementMap":{"0":{"start":{"line":5,"column":25},"end":{"line":5,"column":77}},"1":{"start":{"line":7,"column":0},"end":{"line":20,"column":2}},"2":{"start":{"line":8,"column":26},"end":{"line":8,"column":52}},"3":{"start":{"line":10,"column":24},"end":{"line":17,"column":3}},"4":{"start":{"line":19,"column":2},"end":{"line":19,"column":74}}},"fnMap":{"0":{"name":"(anonymous_0)","decl":{"start":{"line":7,"column":32},"end":{"line":7,"column":33}},"loc":{"start":{"line":7,"column":44},"end":{"line":20,"column":1}},"line":7}},"branchMap":{"0":{"loc":{"start":{"line":19,"column":31},"end":{"line":19,"column":73}},"type":"binary-expr","locations":[{"start":{"line":19,"column":31},"end":{"line":19,"column":54}},{"start":{"line":19,"column":58},"end":{"line":19,"column":73}}],"line":19}},"s":{"0":0,"1":0,"2":0,"3":0,"4":0},"f":{"0":0},"b":{"0":[0,0]}}
,"/Users/natalie/Learning code/Subscription Manager/subscription-manager_natalia/src/constants/index.js": {"path":"/Users/natalie/Learning code/Subscription Manager/subscription-manager_natalia/src/constants/index.js","statementMap":{"0":{"start":{"line":1,"column":29},"end":{"line":18,"column":1}},"1":{"start":{"line":20,"column":33},"end":{"line":23,"column":1}}},"fnMap":{},"branchMap":{},"s":{"0":0,"1":0},"f":{},"b":{}}
,"/Users/natalie/Learning code/Subscription Manager/subscription-manager_natalia/src/helpers/validators/checkNumber.js": {"path":"/Users/natalie/Learning code/Subscription Manager/subscription-manager_natalia/src/helpers/validators/checkNumber.js","statementMap":{"0":{"start":{"line":1,"column":20},"end":{"line":12,"column":1}},"1":{"start":{"line":2,"column":2},"end":{"line":4,"column":3}},"2":{"start":{"line":3,"column":4},"end":{"line":3,"column":49}},"3":{"start":{"line":5,"column":2},"end":{"line":11,"column":3}},"4":{"start":{"line":6,"column":4},"end":{"line":6,"column":46}},"5":{"start":{"line":7,"column":9},"end":{"line":11,"column":3}},"6":{"start":{"line":8,"column":4},"end":{"line":8,"column":55}},"7":{"start":{"line":10,"column":4},"end":{"line":10,"column":14}}},"fnMap":{"0":{"name":"(anonymous_0)","decl":{"start":{"line":1,"column":20},"end":{"line":1,"column":21}},"loc":{"start":{"line":1,"column":47},"end":{"line":12,"column":1}},"line":1}},"branchMap":{"0":{"loc":{"start":{"line":2,"column":2},"end":{"line":4,"column":3}},"type":"if","locations":[{"start":{"line":2,"column":2},"end":{"line":4,"column":3}},{"start":{"line":2,"column":2},"end":{"line":4,"column":3}}],"line":2},"1":{"loc":{"start":{"line":5,"column":2},"end":{"line":11,"column":3}},"type":"if","locations":[{"start":{"line":5,"column":2},"end":{"line":11,"column":3}},{"start":{"line":5,"column":2},"end":{"line":11,"column":3}}],"line":5},"2":{"loc":{"start":{"line":7,"column":9},"end":{"line":11,"column":3}},"type":"if","locations":[{"start":{"line":7,"column":9},"end":{"line":11,"column":3}},{"start":{"line":7,"column":9},"end":{"line":11,"column":3}}],"line":7}},"s":{"0":0,"1":0,"2":0,"3":0,"4":0,"5":0,"6":0,"7":0},"f":{"0":0},"b":{"0":[0,0],"1":[0,0],"2":[0,0]}}
,"/Users/natalie/Learning code/Subscription Manager/subscription-manager_natalia/src/plugins/axios/index.js": {"path":"/Users/natalie/Learning code/Subscription Manager/subscription-manager_natalia/src/plugins/axios/index.js","statementMap":{"0":{"start":{"line":4,"column":17},"end":{"line":6,"column":2}},"1":{"start":{"line":8,"column":0},"end":{"line":8,"column":22}}},"fnMap":{},"branchMap":{},"s":{"0":0,"1":0},"f":{},"b":{}}
,"/Users/natalie/Learning code/Subscription Manager/subscription-manager_natalia/src/plugins/axios/interceptors.js": {"path":"/Users/natalie/Learning code/Subscription Manager/subscription-manager_natalia/src/plugins/axios/interceptors.js","statementMap":{"0":{"start":{"line":2,"column":23},"end":{"line":2,"column":36}},"1":{"start":{"line":3,"column":16},"end":{"line":3,"column":70}},"2":{"start":{"line":4,"column":2},"end":{"line":4,"column":61}},"3":{"start":{"line":6,"column":2},"end":{"line":6,"column":21}},"4":{"start":{"line":10,"column":2},"end":{"line":10,"column":17}},"5":{"start":{"line":14,"column":2},"end":{"line":14,"column":46}},"6":{"start":{"line":15,"column":2},"end":{"line":15,"column":42}}},"fnMap":{"0":{"name":"setAuthToken","decl":{"start":{"line":1,"column":9},"end":{"line":1,"column":21}},"loc":{"start":{"line":1,"column":30},"end":{"line":7,"column":1}},"line":1},"1":{"name":"getData","decl":{"start":{"line":9,"column":9},"end":{"line":9,"column":16}},"loc":{"start":{"line":9,"column":22},"end":{"line":11,"column":1}},"line":9},"2":{"name":"(anonymous_2)","decl":{"start":{"line":13,"column":15},"end":{"line":13,"column":16}},"loc":{"start":{"line":13,"column":31},"end":{"line":16,"column":1}},"line":13}},"branchMap":{},"s":{"0":0,"1":0,"2":0,"3":0,"4":0,"5":0,"6":0},"f":{"0":0,"1":0,"2":0},"b":{}}
,"/Users/natalie/Learning code/Subscription Manager/subscription-manager_natalia/src/plugins/elements/index.js": {"path":"/Users/natalie/Learning code/Subscription Manager/subscription-manager_natalia/src/plugins/elements/index.js","statementMap":{"0":{"start":{"line":19,"column":17},"end":{"line":19,"column":97}},"1":{"start":{"line":21,"column":0},"end":{"line":21,"column":36}},"2":{"start":{"line":23,"column":0},"end":{"line":23,"column":16}},"3":{"start":{"line":25,"column":0},"end":{"line":25,"column":47}},"4":{"start":{"line":25,"column":23},"end":{"line":25,"column":46}}},"fnMap":{"0":{"name":"(anonymous_0)","decl":{"start":{"line":25,"column":17},"end":{"line":25,"column":18}},"loc":{"start":{"line":25,"column":23},"end":{"line":25,"column":46}},"line":25}},"branchMap":{},"s":{"0":0,"1":0,"2":0,"3":0,"4":0},"f":{"0":0},"b":{}}
,"/Users/natalie/Learning code/Subscription Manager/subscription-manager_natalia/src/plugins/firebase/config.js": {"path":"/Users/natalie/Learning code/Subscription Manager/subscription-manager_natalia/src/plugins/firebase/config.js","statementMap":{"0":{"start":{"line":1,"column":23},"end":{"line":9,"column":1}}},"fnMap":{},"branchMap":{},"s":{"0":0},"f":{},"b":{}}
,"/Users/natalie/Learning code/Subscription Manager/subscription-manager_natalia/src/plugins/firebase/index.js": {"path":"/Users/natalie/Learning code/Subscription Manager/subscription-manager_natalia/src/plugins/firebase/index.js","statementMap":{"0":{"start":{"line":4,"column":0},"end":{"line":4,"column":30}}},"fnMap":{},"branchMap":{},"s":{"0":0},"f":{},"b":{}}
,"/Users/natalie/Learning code/Subscription Manager/subscription-manager_natalia/src/router/index.js": {"path":"/Users/natalie/Learning code/Subscription Manager/subscription-manager_natalia/src/router/index.js","statementMap":{"0":{"start":{"line":5,"column":0},"end":{"line":5,"column":18}},"1":{"start":{"line":7,"column":15},"end":{"line":73,"column":1}},"2":{"start":{"line":16,"column":21},"end":{"line":16,"column":49}},"3":{"start":{"line":21,"column":21},"end":{"line":21,"column":49}},"4":{"start":{"line":26,"column":21},"end":{"line":26,"column":49}},"5":{"start":{"line":31,"column":21},"end":{"line":31,"column":50}},"6":{"start":{"line":36,"column":21},"end":{"line":36,"column":57}},"7":{"start":{"line":41,"column":21},"end":{"line":41,"column":51}},"8":{"start":{"line":46,"column":21},"end":{"line":46,"column":57}},"9":{"start":{"line":51,"column":21},"end":{"line":51,"column":59}},"10":{"start":{"line":56,"column":21},"end":{"line":56,"column":60}},"11":{"start":{"line":61,"column":21},"end":{"line":61,"column":60}},"12":{"start":{"line":66,"column":21},"end":{"line":66,"column":52}},"13":{"start":{"line":71,"column":21},"end":{"line":71,"column":55}},"14":{"start":{"line":75,"column":15},"end":{"line":79,"column":2}}},"fnMap":{"0":{"name":"(anonymous_0)","decl":{"start":{"line":16,"column":15},"end":{"line":16,"column":16}},"loc":{"start":{"line":16,"column":21},"end":{"line":16,"column":49}},"line":16},"1":{"name":"(anonymous_1)","decl":{"start":{"line":21,"column":15},"end":{"line":21,"column":16}},"loc":{"start":{"line":21,"column":21},"end":{"line":21,"column":49}},"line":21},"2":{"name":"(anonymous_2)","decl":{"start":{"line":26,"column":15},"end":{"line":26,"column":16}},"loc":{"start":{"line":26,"column":21},"end":{"line":26,"column":49}},"line":26},"3":{"name":"(anonymous_3)","decl":{"start":{"line":31,"column":15},"end":{"line":31,"column":16}},"loc":{"start":{"line":31,"column":21},"end":{"line":31,"column":50}},"line":31},"4":{"name":"(anonymous_4)","decl":{"start":{"line":36,"column":15},"end":{"line":36,"column":16}},"loc":{"start":{"line":36,"column":21},"end":{"line":36,"column":57}},"line":36},"5":{"name":"(anonymous_5)","decl":{"start":{"line":41,"column":15},"end":{"line":41,"column":16}},"loc":{"start":{"line":41,"column":21},"end":{"line":41,"column":51}},"line":41},"6":{"name":"(anonymous_6)","decl":{"start":{"line":46,"column":15},"end":{"line":46,"column":16}},"loc":{"start":{"line":46,"column":21},"end":{"line":46,"column":57}},"line":46},"7":{"name":"(anonymous_7)","decl":{"start":{"line":51,"column":15},"end":{"line":51,"column":16}},"loc":{"start":{"line":51,"column":21},"end":{"line":51,"column":59}},"line":51},"8":{"name":"(anonymous_8)","decl":{"start":{"line":56,"column":15},"end":{"line":56,"column":16}},"loc":{"start":{"line":56,"column":21},"end":{"line":56,"column":60}},"line":56},"9":{"name":"(anonymous_9)","decl":{"start":{"line":61,"column":15},"end":{"line":61,"column":16}},"loc":{"start":{"line":61,"column":21},"end":{"line":61,"column":60}},"line":61},"10":{"name":"(anonymous_10)","decl":{"start":{"line":66,"column":15},"end":{"line":66,"column":16}},"loc":{"start":{"line":66,"column":21},"end":{"line":66,"column":52}},"line":66},"11":{"name":"(anonymous_11)","decl":{"start":{"line":71,"column":15},"end":{"line":71,"column":16}},"loc":{"start":{"line":71,"column":21},"end":{"line":71,"column":55}},"line":71}},"branchMap":{},"s":{"0":0,"1":0,"2":0,"3":0,"4":0,"5":0,"6":0,"7":0,"8":0,"9":0,"10":0,"11":0,"12":0,"13":0,"14":0},"f":{"0":0,"1":0,"2":0,"3":0,"4":0,"5":0,"6":0,"7":0,"8":0,"9":0,"10":0,"11":0},"b":{}}
,"/Users/natalie/Learning code/Subscription Manager/subscription-manager_natalia/src/services/firebase/auth.services.js": {"path":"/Users/natalie/Learning code/Subscription Manager/subscription-manager_natalia/src/services/firebase/auth.services.js","statementMap":{"0":{"start":{"line":3,"column":29},"end":{"line":10,"column":1}},"1":{"start":{"line":4,"column":2},"end":{"line":9,"column":3}},"2":{"start":{"line":5,"column":17},"end":{"line":5,"column":82}},"3":{"start":{"line":6,"column":4},"end":{"line":6,"column":15}},"4":{"start":{"line":8,"column":4},"end":{"line":8,"column":24}},"5":{"start":{"line":12,"column":30},"end":{"line":19,"column":1}},"6":{"start":{"line":13,"column":2},"end":{"line":18,"column":3}},"7":{"start":{"line":14,"column":17},"end":{"line":14,"column":86}},"8":{"start":{"line":15,"column":4},"end":{"line":15,"column":15}},"9":{"start":{"line":17,"column":4},"end":{"line":17,"column":24}},"10":{"start":{"line":21,"column":23},"end":{"line":28,"column":1}},"11":{"start":{"line":22,"column":2},"end":{"line":27,"column":3}},"12":{"start":{"line":23,"column":17},"end":{"line":23,"column":50}},"13":{"start":{"line":24,"column":4},"end":{"line":24,"column":15}},"14":{"start":{"line":26,"column":4},"end":{"line":26,"column":24}},"15":{"start":{"line":30,"column":30},"end":{"line":37,"column":1}},"16":{"start":{"line":31,"column":2},"end":{"line":36,"column":3}},"17":{"start":{"line":32,"column":17},"end":{"line":32,"column":63}},"18":{"start":{"line":33,"column":4},"end":{"line":33,"column":15}},"19":{"start":{"line":35,"column":4},"end":{"line":35,"column":24}},"20":{"start":{"line":39,"column":31},"end":{"line":46,"column":1}},"21":{"start":{"line":40,"column":2},"end":{"line":45,"column":3}},"22":{"start":{"line":41,"column":17},"end":{"line":41,"column":48}},"23":{"start":{"line":42,"column":4},"end":{"line":42,"column":15}},"24":{"start":{"line":44,"column":4},"end":{"line":44,"column":24}},"25":{"start":{"line":48,"column":37},"end":{"line":55,"column":1}},"26":{"start":{"line":49,"column":2},"end":{"line":54,"column":3}},"27":{"start":{"line":50,"column":17},"end":{"line":50,"column":68}},"28":{"start":{"line":51,"column":4},"end":{"line":51,"column":15}},"29":{"start":{"line":53,"column":4},"end":{"line":53,"column":24}},"30":{"start":{"line":57,"column":34},"end":{"line":64,"column":1}},"31":{"start":{"line":58,"column":2},"end":{"line":63,"column":3}},"32":{"start":{"line":59,"column":17},"end":{"line":59,"column":73}},"33":{"start":{"line":60,"column":4},"end":{"line":60,"column":15}},"34":{"start":{"line":62,"column":4},"end":{"line":62,"column":24}}},"fnMap":{"0":{"name":"(anonymous_0)","decl":{"start":{"line":3,"column":29},"end":{"line":3,"column":30}},"loc":{"start":{"line":3,"column":56},"end":{"line":10,"column":1}},"line":3},"1":{"name":"(anonymous_1)","decl":{"start":{"line":12,"column":30},"end":{"line":12,"column":31}},"loc":{"start":{"line":12,"column":57},"end":{"line":19,"column":1}},"line":12},"2":{"name":"(anonymous_2)","decl":{"start":{"line":21,"column":23},"end":{"line":21,"column":24}},"loc":{"start":{"line":21,"column":35},"end":{"line":28,"column":1}},"line":21},"3":{"name":"(anonymous_3)","decl":{"start":{"line":30,"column":30},"end":{"line":30,"column":31}},"loc":{"start":{"line":30,"column":42},"end":{"line":37,"column":1}},"line":30},"4":{"name":"(anonymous_4)","decl":{"start":{"line":39,"column":31},"end":{"line":39,"column":32}},"loc":{"start":{"line":39,"column":43},"end":{"line":46,"column":1}},"line":39},"5":{"name":"(anonymous_5)","decl":{"start":{"line":48,"column":37},"end":{"line":48,"column":38}},"loc":{"start":{"line":48,"column":52},"end":{"line":55,"column":1}},"line":48},"6":{"name":"(anonymous_6)","decl":{"start":{"line":57,"column":34},"end":{"line":57,"column":35}},"loc":{"start":{"line":57,"column":51},"end":{"line":64,"column":1}},"line":57}},"branchMap":{},"s":{"0":0,"1":0,"2":0,"3":0,"4":0,"5":0,"6":0,"7":0,"8":0,"9":0,"10":0,"11":0,"12":0,"13":0,"14":0,"15":0,"16":0,"17":0,"18":0,"19":0,"20":0,"21":0,"22":0,"23":0,"24":0,"25":0,"26":0,"27":0,"28":0,"29":0,"30":0,"31":0,"32":0,"33":0,"34":0},"f":{"0":0,"1":0,"2":0,"3":0,"4":0,"5":0,"6":0},"b":{}}
,"/Users/natalie/Learning code/Subscription Manager/subscription-manager_natalia/src/store/index.js": {"path":"/Users/natalie/Learning code/Subscription Manager/subscription-manager_natalia/src/store/index.js","statementMap":{"0":{"start":{"line":14,"column":0},"end":{"line":14,"column":13}},"1":{"start":{"line":16,"column":14},"end":{"line":30,"column":2}},"2":{"start":{"line":32,"column":0},"end":{"line":43,"column":2}},"3":{"start":{"line":33,"column":2},"end":{"line":33,"column":57}},"4":{"start":{"line":34,"column":2},"end":{"line":34,"column":27}},"5":{"start":{"line":36,"column":2},"end":{"line":42,"column":3}},"6":{"start":{"line":37,"column":18},"end":{"line":37,"column":40}},"7":{"start":{"line":38,"column":4},"end":{"line":38,"column":65}},"8":{"start":{"line":40,"column":4},"end":{"line":40,"column":34}},"9":{"start":{"line":41,"column":4},"end":{"line":41,"column":61}},"10":{"start":{"line":45,"column":0},"end":{"line":45,"column":41}}},"fnMap":{"0":{"name":"(anonymous_0)","decl":{"start":{"line":32,"column":35},"end":{"line":32,"column":36}},"loc":{"start":{"line":32,"column":53},"end":{"line":43,"column":1}},"line":32}},"branchMap":{"0":{"loc":{"start":{"line":36,"column":2},"end":{"line":42,"column":3}},"type":"if","locations":[{"start":{"line":36,"column":2},"end":{"line":42,"column":3}},{"start":{"line":36,"column":2},"end":{"line":42,"column":3}}],"line":36}},"s":{"0":0,"1":0,"2":0,"3":0,"4":0,"5":0,"6":0,"7":0,"8":0,"9":0,"10":0},"f":{"0":0},"b":{"0":[0,0]}}
,"/Users/natalie/Learning code/Subscription Manager/subscription-manager_natalia/src/store/mutations.js": {"path":"/Users/natalie/Learning code/Subscription Manager/subscription-manager_natalia/src/store/mutations.js","statementMap":{"0":{"start":{"line":1,"column":18},"end":{"line":14,"column":1}}},"fnMap":{},"branchMap":{},"s":{"0":0},"f":{},"b":{}}
,"/Users/natalie/Learning code/Subscription Manager/subscription-manager_natalia/src/store/modules/appTypes.js": {"path":"/Users/natalie/Learning code/Subscription Manager/subscription-manager_natalia/src/store/modules/appTypes.js","statementMap":{"0":{"start":{"line":4,"column":22},"end":{"line":4,"column":31}},"1":{"start":{"line":6,"column":17},"end":{"line":59,"column":1}},"2":{"start":{"line":12,"column":40},"end":{"line":12,"column":52}},"3":{"start":{"line":16,"column":6},"end":{"line":16,"column":32}},"4":{"start":{"line":21,"column":6},"end":{"line":37,"column":7}},"5":{"start":{"line":22,"column":8},"end":{"line":22,"column":54}},"6":{"start":{"line":23,"column":25},"end":{"line":23,"column":68}},"7":{"start":{"line":24,"column":8},"end":{"line":24,"column":35}},"8":{"start":{"line":26,"column":8},"end":{"line":34,"column":9}},"9":{"start":{"line":36,"column":8},"end":{"line":36,"column":55}},"10":{"start":{"line":40,"column":6},"end":{"line":56,"column":7}},"11":{"start":{"line":41,"column":8},"end":{"line":41,"column":54}},"12":{"start":{"line":42,"column":25},"end":{"line":42,"column":76}},"13":{"start":{"line":43,"column":8},"end":{"line":43,"column":29}},"14":{"start":{"line":45,"column":8},"end":{"line":53,"column":9}},"15":{"start":{"line":55,"column":8},"end":{"line":55,"column":55}}},"fnMap":{"0":{"name":"(anonymous_0)","decl":{"start":{"line":12,"column":18},"end":{"line":12,"column":19}},"loc":{"start":{"line":12,"column":40},"end":{"line":12,"column":52}},"line":12},"1":{"name":"(anonymous_1)","decl":{"start":{"line":15,"column":4},"end":{"line":15,"column":5}},"loc":{"start":{"line":15,"column":30},"end":{"line":17,"column":5}},"line":15},"2":{"name":"(anonymous_2)","decl":{"start":{"line":20,"column":4},"end":{"line":20,"column":5}},"loc":{"start":{"line":20,"column":47},"end":{"line":38,"column":5}},"line":20},"3":{"name":"(anonymous_3)","decl":{"start":{"line":39,"column":4},"end":{"line":39,"column":5}},"loc":{"start":{"line":39,"column":41},"end":{"line":57,"column":5}},"line":39}},"branchMap":{},"s":{"0":0,"1":0,"2":0,"3":0,"4":0,"5":0,"6":0,"7":0,"8":0,"9":0,"10":0,"11":0,"12":0,"13":0,"14":0,"15":0},"f":{"0":0,"1":0,"2":0,"3":0},"b":{}}
,"/Users/natalie/Learning code/Subscription Manager/subscription-manager_natalia/src/store/modules/auth.js": {"path":"/Users/natalie/Learning code/Subscription Manager/subscription-manager_natalia/src/store/modules/auth.js","statementMap":{"0":{"start":{"line":11,"column":21},"end":{"line":11,"column":30}},"1":{"start":{"line":13,"column":18},"end":{"line":136,"column":1}},"2":{"start":{"line":19,"column":30},"end":{"line":19,"column":37}},"3":{"start":{"line":23,"column":6},"end":{"line":23,"column":29}},"4":{"start":{"line":29,"column":8},"end":{"line":29,"column":33}},"5":{"start":{"line":34,"column":6},"end":{"line":50,"column":7}},"6":{"start":{"line":35,"column":8},"end":{"line":35,"column":54}},"7":{"start":{"line":36,"column":8},"end":{"line":36,"column":45}},"8":{"start":{"line":38,"column":8},"end":{"line":46,"column":9}},"9":{"start":{"line":47,"column":8},"end":{"line":47,"column":28}},"10":{"start":{"line":49,"column":8},"end":{"line":49,"column":55}},"11":{"start":{"line":53,"column":6},"end":{"line":69,"column":7}},"12":{"start":{"line":54,"column":8},"end":{"line":54,"column":54}},"13":{"start":{"line":55,"column":8},"end":{"line":55,"column":38}},"14":{"start":{"line":57,"column":8},"end":{"line":65,"column":9}},"15":{"start":{"line":66,"column":8},"end":{"line":66,"column":28}},"16":{"start":{"line":68,"column":8},"end":{"line":68,"column":55}},"17":{"start":{"line":72,"column":6},"end":{"line":90,"column":7}},"18":{"start":{"line":73,"column":8},"end":{"line":73,"column":54}},"19":{"start":{"line":74,"column":8},"end":{"line":74,"column":44}},"20":{"start":{"line":75,"column":8},"end":{"line":75,"column":30}},"21":{"start":{"line":76,"column":8},"end":{"line":76,"column":34}},"22":{"start":{"line":78,"column":8},"end":{"line":86,"column":9}},"23":{"start":{"line":87,"column":8},"end":{"line":87,"column":28}},"24":{"start":{"line":89,"column":8},"end":{"line":89,"column":55}},"25":{"start":{"line":93,"column":6},"end":{"line":110,"column":7}},"26":{"start":{"line":94,"column":8},"end":{"line":94,"column":54}},"27":{"start":{"line":95,"column":8},"end":{"line":95,"column":31}},"28":{"start":{"line":96,"column":8},"end":{"line":96,"column":31}},"29":{"start":{"line":98,"column":8},"end":{"line":106,"column":9}},"30":{"start":{"line":107,"column":8},"end":{"line":107,"column":28}},"31":{"start":{"line":109,"column":8},"end":{"line":109,"column":55}},"32":{"start":{"line":113,"column":6},"end":{"line":133,"column":7}},"33":{"start":{"line":114,"column":8},"end":{"line":114,"column":54}},"34":{"start":{"line":115,"column":8},"end":{"line":115,"column":42}},"35":{"start":{"line":116,"column":8},"end":{"line":118,"column":10}},"36":{"start":{"line":119,"column":8},"end":{"line":119,"column":75}},"37":{"start":{"line":121,"column":8},"end":{"line":129,"column":9}},"38":{"start":{"line":130,"column":8},"end":{"line":130,"column":28}},"39":{"start":{"line":132,"column":8},"end":{"line":132,"column":55}}},"fnMap":{"0":{"name":"(anonymous_0)","decl":{"start":{"line":19,"column":13},"end":{"line":19,"column":14}},"loc":{"start":{"line":19,"column":30},"end":{"line":19,"column":37}},"line":19},"1":{"name":"(anonymous_1)","decl":{"start":{"line":22,"column":4},"end":{"line":22,"column":5}},"loc":{"start":{"line":22,"column":31},"end":{"line":24,"column":5}},"line":22},"2":{"name":"(anonymous_2)","decl":{"start":{"line":28,"column":6},"end":{"line":28,"column":7}},"loc":{"start":{"line":28,"column":35},"end":{"line":30,"column":7}},"line":28},"3":{"name":"(anonymous_3)","decl":{"start":{"line":33,"column":4},"end":{"line":33,"column":5}},"loc":{"start":{"line":33,"column":52},"end":{"line":51,"column":5}},"line":33},"4":{"name":"(anonymous_4)","decl":{"start":{"line":52,"column":4},"end":{"line":52,"column":5}},"loc":{"start":{"line":52,"column":41},"end":{"line":70,"column":5}},"line":52},"5":{"name":"(anonymous_5)","decl":{"start":{"line":71,"column":4},"end":{"line":71,"column":5}},"loc":{"start":{"line":71,"column":59},"end":{"line":91,"column":5}},"line":71},"6":{"name":"(anonymous_6)","decl":{"start":{"line":92,"column":4},"end":{"line":92,"column":5}},"loc":{"start":{"line":92,"column":40},"end":{"line":111,"column":5}},"line":92},"7":{"name":"(anonymous_7)","decl":{"start":{"line":112,"column":4},"end":{"line":112,"column":5}},"loc":{"start":{"line":112,"column":49},"end":{"line":134,"column":5}},"line":112}},"branchMap":{},"s":{"0":0,"1":0,"2":0,"3":0,"4":0,"5":0,"6":0,"7":0,"8":0,"9":0,"10":0,"11":0,"12":0,"13":0,"14":0,"15":0,"16":0,"17":0,"18":0,"19":0,"20":0,"21":0,"22":0,"23":0,"24":0,"25":0,"26":0,"27":0,"28":0,"29":0,"30":0,"31":0,"32":0,"33":0,"34":0,"35":0,"36":0,"37":0,"38":0,"39":0},"f":{"0":0,"1":0,"2":0,"3":0,"4":0,"5":0,"6":0,"7":0},"b":{}}
,"/Users/natalie/Learning code/Subscription Manager/subscription-manager_natalia/src/store/modules/loader.js": {"path":"/Users/natalie/Learning code/Subscription Manager/subscription-manager_natalia/src/store/modules/loader.js","statementMap":{"0":{"start":{"line":3,"column":26},"end":{"line":3,"column":35}},"1":{"start":{"line":5,"column":20},"end":{"line":22,"column":1}},"2":{"start":{"line":10,"column":40},"end":{"line":10,"column":52}},"3":{"start":{"line":14,"column":6},"end":{"line":14,"column":32}},"4":{"start":{"line":19,"column":6},"end":{"line":19,"column":34}}},"fnMap":{"0":{"name":"(anonymous_0)","decl":{"start":{"line":10,"column":18},"end":{"line":10,"column":19}},"loc":{"start":{"line":10,"column":40},"end":{"line":10,"column":52}},"line":10},"1":{"name":"(anonymous_1)","decl":{"start":{"line":13,"column":4},"end":{"line":13,"column":5}},"loc":{"start":{"line":13,"column":34},"end":{"line":15,"column":5}},"line":13},"2":{"name":"(anonymous_2)","decl":{"start":{"line":18,"column":4},"end":{"line":18,"column":5}},"loc":{"start":{"line":18,"column":36},"end":{"line":20,"column":5}},"line":18}},"branchMap":{},"s":{"0":0,"1":0,"2":0,"3":0,"4":0},"f":{"0":0,"1":0,"2":0},"b":{}}
,"/Users/natalie/Learning code/Subscription Manager/subscription-manager_natalia/src/store/modules/notifications.js": {"path":"/Users/natalie/Learning code/Subscription Manager/subscription-manager_natalia/src/store/modules/notifications.js","statementMap":{"0":{"start":{"line":3,"column":24},"end":{"line":3,"column":33}},"1":{"start":{"line":5,"column":27},"end":{"line":22,"column":1}},"2":{"start":{"line":10,"column":38},"end":{"line":10,"column":73}},"3":{"start":{"line":14,"column":6},"end":{"line":14,"column":33}},"4":{"start":{"line":19,"column":6},"end":{"line":19,"column":34}}},"fnMap":{"0":{"name":"(anonymous_0)","decl":{"start":{"line":10,"column":17},"end":{"line":10,"column":18}},"loc":{"start":{"line":10,"column":38},"end":{"line":10,"column":73}},"line":10},"1":{"name":"(anonymous_1)","decl":{"start":{"line":13,"column":4},"end":{"line":13,"column":5}},"loc":{"start":{"line":13,"column":30},"end":{"line":15,"column":5}},"line":13},"2":{"name":"(anonymous_2)","decl":{"start":{"line":18,"column":4},"end":{"line":18,"column":5}},"loc":{"start":{"line":18,"column":47},"end":{"line":20,"column":5}},"line":18}},"branchMap":{"0":{"loc":{"start":{"line":18,"column":33},"end":{"line":18,"column":45}},"type":"default-arg","locations":[{"start":{"line":18,"column":43},"end":{"line":18,"column":45}}],"line":18}},"s":{"0":0,"1":0,"2":0,"3":0,"4":0},"f":{"0":0,"1":0,"2":0},"b":{"0":[0]}}
,"/Users/natalie/Learning code/Subscription Manager/subscription-manager_natalia/src/store/modules/subscriptions.js": {"path":"/Users/natalie/Learning code/Subscription Manager/subscription-manager_natalia/src/store/modules/subscriptions.js","statementMap":{"0":{"start":{"line":5,"column":69},"end":{"line":5,"column":78}},"1":{"start":{"line":7,"column":27},"end":{"line":131,"column":1}},"2":{"start":{"line":14,"column":42},"end":{"line":14,"column":70}},"3":{"start":{"line":15,"column":34},"end":{"line":15,"column":67}},"4":{"start":{"line":16,"column":54},"end":{"line":16,"column":73}},"5":{"start":{"line":20,"column":6},"end":{"line":20,"column":33}},"6":{"start":{"line":23,"column":6},"end":{"line":23,"column":57}},"7":{"start":{"line":26,"column":6},"end":{"line":26,"column":37}},"8":{"start":{"line":31,"column":6},"end":{"line":48,"column":7}},"9":{"start":{"line":32,"column":8},"end":{"line":32,"column":54}},"10":{"start":{"line":33,"column":25},"end":{"line":33,"column":58}},"11":{"start":{"line":34,"column":30},"end":{"line":34,"column":70}},"12":{"start":{"line":35,"column":8},"end":{"line":35,"column":44}},"13":{"start":{"line":37,"column":8},"end":{"line":45,"column":9}},"14":{"start":{"line":47,"column":8},"end":{"line":47,"column":55}},"15":{"start":{"line":51,"column":6},"end":{"line":68,"column":7}},"16":{"start":{"line":52,"column":8},"end":{"line":52,"column":54}},"17":{"start":{"line":53,"column":25},"end":{"line":53,"column":64}},"18":{"start":{"line":54,"column":8},"end":{"line":54,"column":48}},"19":{"start":{"line":56,"column":8},"end":{"line":64,"column":9}},"20":{"start":{"line":65,"column":8},"end":{"line":65,"column":28}},"21":{"start":{"line":67,"column":8},"end":{"line":67,"column":55}},"22":{"start":{"line":71,"column":6},"end":{"line":89,"column":7}},"23":{"start":{"line":72,"column":8},"end":{"line":72,"column":54}},"24":{"start":{"line":73,"column":8},"end":{"line":73,"column":33}},"25":{"start":{"line":74,"column":8},"end":{"line":74,"column":56}},"26":{"start":{"line":75,"column":8},"end":{"line":75,"column":36}},"27":{"start":{"line":77,"column":8},"end":{"line":85,"column":9}},"28":{"start":{"line":86,"column":8},"end":{"line":86,"column":28}},"29":{"start":{"line":88,"column":8},"end":{"line":88,"column":55}},"30":{"start":{"line":92,"column":6},"end":{"line":108,"column":7}},"31":{"start":{"line":93,"column":8},"end":{"line":93,"column":54}},"32":{"start":{"line":94,"column":8},"end":{"line":94,"column":62}},"33":{"start":{"line":95,"column":8},"end":{"line":95,"column":36}},"34":{"start":{"line":97,"column":8},"end":{"line":105,"column":9}},"35":{"start":{"line":107,"column":8},"end":{"line":107,"column":55}},"36":{"start":{"line":111,"column":6},"end":{"line":128,"column":7}},"37":{"start":{"line":112,"column":8},"end":{"line":112,"column":54}},"38":{"start":{"line":113,"column":8},"end":{"line":113,"column":60}},"39":{"start":{"line":114,"column":8},"end":{"line":114,"column":48}},"40":{"start":{"line":116,"column":8},"end":{"line":124,"column":9}},"41":{"start":{"line":125,"column":8},"end":{"line":125,"column":28}},"42":{"start":{"line":127,"column":8},"end":{"line":127,"column":55}}},"fnMap":{"0":{"name":"(anonymous_0)","decl":{"start":{"line":14,"column":19},"end":{"line":14,"column":20}},"loc":{"start":{"line":14,"column":42},"end":{"line":14,"column":70}},"line":14},"1":{"name":"(anonymous_1)","decl":{"start":{"line":15,"column":11},"end":{"line":15,"column":12}},"loc":{"start":{"line":15,"column":34},"end":{"line":15,"column":67}},"line":15},"2":{"name":"(anonymous_2)","decl":{"start":{"line":16,"column":25},"end":{"line":16,"column":26}},"loc":{"start":{"line":16,"column":54},"end":{"line":16,"column":73}},"line":16},"3":{"name":"(anonymous_3)","decl":{"start":{"line":19,"column":4},"end":{"line":19,"column":5}},"loc":{"start":{"line":19,"column":39},"end":{"line":21,"column":5}},"line":19},"4":{"name":"(anonymous_4)","decl":{"start":{"line":22,"column":4},"end":{"line":22,"column":5}},"loc":{"start":{"line":22,"column":47},"end":{"line":24,"column":5}},"line":22},"5":{"name":"(anonymous_5)","decl":{"start":{"line":25,"column":4},"end":{"line":25,"column":5}},"loc":{"start":{"line":25,"column":39},"end":{"line":27,"column":5}},"line":25},"6":{"name":"(anonymous_6)","decl":{"start":{"line":30,"column":4},"end":{"line":30,"column":5}},"loc":{"start":{"line":30,"column":49},"end":{"line":49,"column":5}},"line":30},"7":{"name":"(anonymous_7)","decl":{"start":{"line":50,"column":4},"end":{"line":50,"column":5}},"loc":{"start":{"line":50,"column":56},"end":{"line":69,"column":5}},"line":50},"8":{"name":"(anonymous_8)","decl":{"start":{"line":70,"column":4},"end":{"line":70,"column":5}},"loc":{"start":{"line":70,"column":54},"end":{"line":90,"column":5}},"line":70},"9":{"name":"(anonymous_9)","decl":{"start":{"line":91,"column":4},"end":{"line":91,"column":5}},"loc":{"start":{"line":91,"column":59},"end":{"line":109,"column":5}},"line":91},"10":{"name":"(anonymous_10)","decl":{"start":{"line":110,"column":4},"end":{"line":110,"column":5}},"loc":{"start":{"line":110,"column":49},"end":{"line":129,"column":5}},"line":110}},"branchMap":{"0":{"loc":{"start":{"line":19,"column":27},"end":{"line":19,"column":37}},"type":"default-arg","locations":[{"start":{"line":19,"column":35},"end":{"line":19,"column":37}}],"line":19}},"s":{"0":0,"1":0,"2":0,"3":0,"4":0,"5":0,"6":0,"7":0,"8":0,"9":0,"10":0,"11":0,"12":0,"13":0,"14":0,"15":0,"16":0,"17":0,"18":0,"19":0,"20":0,"21":0,"22":0,"23":0,"24":0,"25":0,"26":0,"27":0,"28":0,"29":0,"30":0,"31":0,"32":0,"33":0,"34":0,"35":0,"36":0,"37":0,"38":0,"39":0,"40":0,"41":0,"42":0},"f":{"0":0,"1":0,"2":0,"3":0,"4":0,"5":0,"6":0,"7":0,"8":0,"9":0,"10":0},"b":{"0":[0]}}
,"/Users/natalie/Learning code/Subscription Manager/subscription-manager_natalia/src/store/modules/successMessage.js": {"path":"/Users/natalie/Learning code/Subscription Manager/subscription-manager_natalia/src/store/modules/successMessage.js","statementMap":{"0":{"start":{"line":3,"column":28},"end":{"line":3,"column":37}},"1":{"start":{"line":5,"column":23},"end":{"line":22,"column":1}},"2":{"start":{"line":10,"column":36},"end":{"line":10,"column":46}},"3":{"start":{"line":14,"column":6},"end":{"line":14,"column":28}},"4":{"start":{"line":19,"column":6},"end":{"line":19,"column":34}}},"fnMap":{"0":{"name":"(anonymous_0)","decl":{"start":{"line":10,"column":16},"end":{"line":10,"column":17}},"loc":{"start":{"line":10,"column":36},"end":{"line":10,"column":46}},"line":10},"1":{"name":"(anonymous_1)","decl":{"start":{"line":13,"column":4},"end":{"line":13,"column":5}},"loc":{"start":{"line":13,"column":34},"end":{"line":15,"column":5}},"line":13},"2":{"name":"(anonymous_2)","decl":{"start":{"line":18,"column":4},"end":{"line":18,"column":5}},"loc":{"start":{"line":18,"column":55},"end":{"line":20,"column":5}},"line":18}},"branchMap":{"0":{"loc":{"start":{"line":18,"column":34},"end":{"line":18,"column":53}},"type":"default-arg","locations":[{"start":{"line":18,"column":40},"end":{"line":18,"column":53}}],"line":18}},"s":{"0":0,"1":0,"2":0,"3":0,"4":0},"f":{"0":0,"1":0,"2":0},"b":{"0":[0]}}
,"/Users/natalie/Learning code/Subscription Manager/subscription-manager_natalia/src/store/modules/user.js": {"path":"/Users/natalie/Learning code/Subscription Manager/subscription-manager_natalia/src/store/modules/user.js","statementMap":{"0":{"start":{"line":4,"column":17},"end":{"line":4,"column":26}},"1":{"start":{"line":6,"column":18},"end":{"line":41,"column":1}},"2":{"start":{"line":12,"column":24},"end":{"line":12,"column":28}},"3":{"start":{"line":13,"column":26},"end":{"line":13,"column":34}},"4":{"start":{"line":14,"column":28},"end":{"line":14,"column":44}},"5":{"start":{"line":18,"column":6},"end":{"line":18,"column":23}},"6":{"start":{"line":24,"column":8},"end":{"line":24,"column":25}},"7":{"start":{"line":24,"column":19},"end":{"line":24,"column":25}},"8":{"start":{"line":25,"column":8},"end":{"line":25,"column":37}},"9":{"start":{"line":31,"column":8},"end":{"line":36,"column":9}},"10":{"start":{"line":32,"column":23},"end":{"line":32,"column":38}},"11":{"start":{"line":33,"column":10},"end":{"line":33,"column":28}},"12":{"start":{"line":35,"column":10},"end":{"line":35,"column":30}}},"fnMap":{"0":{"name":"(anonymous_0)","decl":{"start":{"line":12,"column":10},"end":{"line":12,"column":11}},"loc":{"start":{"line":12,"column":24},"end":{"line":12,"column":28}},"line":12},"1":{"name":"(anonymous_1)","decl":{"start":{"line":13,"column":12},"end":{"line":13,"column":13}},"loc":{"start":{"line":13,"column":26},"end":{"line":13,"column":34}},"line":13},"2":{"name":"(anonymous_2)","decl":{"start":{"line":14,"column":14},"end":{"line":14,"column":15}},"loc":{"start":{"line":14,"column":28},"end":{"line":14,"column":44}},"line":14},"3":{"name":"(anonymous_3)","decl":{"start":{"line":17,"column":4},"end":{"line":17,"column":5}},"loc":{"start":{"line":17,"column":24},"end":{"line":19,"column":5}},"line":17},"4":{"name":"(anonymous_4)","decl":{"start":{"line":23,"column":6},"end":{"line":23,"column":7}},"loc":{"start":{"line":23,"column":34},"end":{"line":26,"column":7}},"line":23},"5":{"name":"(anonymous_5)","decl":{"start":{"line":30,"column":6},"end":{"line":30,"column":7}},"loc":{"start":{"line":30,"column":32},"end":{"line":37,"column":7}},"line":30}},"branchMap":{"0":{"loc":{"start":{"line":24,"column":8},"end":{"line":24,"column":25}},"type":"if","locations":[{"start":{"line":24,"column":8},"end":{"line":24,"column":25}},{"start":{"line":24,"column":8},"end":{"line":24,"column":25}}],"line":24}},"s":{"0":0,"1":0,"2":0,"3":0,"4":0,"5":0,"6":0,"7":0,"8":0,"9":0,"10":0,"11":0,"12":0},"f":{"0":0,"1":0,"2":0,"3":0,"4":0,"5":0},"b":{"0":[0,0]}}
,"/Users/natalie/Learning code/Subscription Manager/subscription-manager_natalia/src/store/utils/serializeSubscriptionsResponse.js": {"path":"/Users/natalie/Learning code/Subscription Manager/subscription-manager_natalia/src/store/utils/serializeSubscriptionsResponse.js","statementMap":{"0":{"start":{"line":2,"column":2},"end":{"line":5,"column":8}},"1":{"start":{"line":3,"column":4},"end":{"line":3,"column":23}},"2":{"start":{"line":4,"column":4},"end":{"line":4,"column":14}}},"fnMap":{"0":{"name":"(anonymous_0)","decl":{"start":{"line":1,"column":15},"end":{"line":1,"column":16}},"loc":{"start":{"line":1,"column":34},"end":{"line":6,"column":1}},"line":1},"1":{"name":"(anonymous_1)","decl":{"start":{"line":2,"column":25},"end":{"line":2,"column":26}},"loc":{"start":{"line":2,"column":40},"end":{"line":5,"column":3}},"line":2}},"branchMap":{},"s":{"0":2,"1":2,"2":2},"f":{"0":2,"1":2},"b":{},"_coverageSchema":"1a1c01bbd47fc00a2c39e90264f33305004495a9","hash":"985eba8c749dd4ab10c285bd8c6f1bde20ade5ed"}
}
